#
# A fatal error has been detected by the Java Runtime Environment:
#
#  EXCEPTION_ACCESS_VIOLATION (0xc0000005) at pc=0x0000000068818030, pid=6104, tid=1996
#
# JRE version: Java(TM) SE Runtime Environment (7.0_51-b13) (build 1.7.0_51-b13)
# Java VM: Java HotSpot(TM) 64-Bit Server VM (24.51-b03 mixed mode windows-amd64 compressed oops)
# Problematic frame:
# C  [atio6axx.dll+0x2a8030]
#
# Failed to write core dump. Minidumps are not enabled by default on client versions of Windows
#
# If you would like to submit a bug report, please visit:
#   http://bugreport.sun.com/bugreport/crash.jsp
# The crash happened outside the Java Virtual Machine in native code.
# See problematic frame for where to report the bug.
#

---------------  T H R E A D  ---------------

Current thread (0x00000000021ad800):  JavaThread "main" [_thread_in_native, id=1996, stack(0x0000000002390000,0x0000000002490000)]

siginfo: ExceptionCode=0xc0000005, reading address 0x0000000000000000

Registers:
RAX=0x0000000000000003, RBX=0x000000000d0dd000, RCX=0x000000000d0dd000, RDX=0x000000000d0dd030
RSP=0x000000000248e9a0, RBP=0x0000000069daafa8, RSI=0x0000000000000030, RDI=0x0000000069d88fec
R8 =0x000000000d0dd029, R9 =0x0000000000000000, R10=0xc000000000c00001, R11=0x000000000248eee4
R12=0x0000000000000003, R13=0x0000000069daafa8, R14=0x0000000000000000, R15=0x0000000069d88940
RIP=0x0000000068818030, EFLAGS=0x0000000000010297

Top of Stack: (sp=0x000000000248e9a0)
0x000000000248e9a0:   0000000000000040 000000000b7b3f60
0x000000000248e9b0:   000000000b923ec0 0000000068eea3dd
0x000000000248e9c0:   000000000d30a610 000000000b923ec0
0x000000000248e9d0:   000000000b656f30 0000000000000000
0x000000000248e9e0:   000000000b923ec0 0000000068eeae7c
0x000000000248e9f0:   000000000b861540 000000000b7b3f60
0x000000000248ea00:   000000000d30a610 0000000068eeb8f8
0x000000000248ea10:   000000000b656f20 00000000001294d0
0x000000000248ea20:   000000000248ebc0 000000000b5ae1d0
0x000000000248ea30:   000000000b861540 000000000248eaf0
0x000000000248ea40:   0000000000000000 0000000000000000
0x000000000248ea50:   000000000b571d60 0000000000000000
0x000000000248ea60:   0000000068570000 00000000001294d0
0x000000000248ea70:   000000000248eb80 0000000068eeb8f8
0x000000000248ea80:   000000000b656f20 00000000001294d0
0x000000000248ea90:   0000000200000000 000000000b5ae1d0 

Instructions: (pc=0x0000000068818030)
0x0000000068818010:   8c 01 00 00 8b d6 48 03 d3 4c 8d 42 f9 49 3b d8
0x0000000068818020:   73 22 66 66 66 66 66 66 0f 1f 84 00 00 00 00 00
0x0000000068818030:   49 8b 01 48 83 c1 08 49 83 c1 08 48 89 41 f8 49
0x0000000068818040:   3b c8 72 ec 4c 8d 42 fd 49 3b c8 73 16 0f 1f 00 


Register to memory mapping:

RAX=0x0000000000000003 is an unknown value
RBX=0x000000000d0dd000 is an unknown value
RCX=0x000000000d0dd000 is an unknown value
RDX=0x000000000d0dd030 is an unknown value
RSP=0x000000000248e9a0 is pointing into the stack for thread: 0x00000000021ad800
RBP=0x0000000069daafa8 is an unknown value
RSI=0x0000000000000030 is an unknown value
RDI=0x0000000069d88fec is an unknown value
R8 =0x000000000d0dd029 is an unknown value
R9 =0x0000000000000000 is an unknown value
R10=0xc000000000c00001 is an unknown value
R11=0x000000000248eee4 is pointing into the stack for thread: 0x00000000021ad800
R12=0x0000000000000003 is an unknown value
R13=0x0000000069daafa8 is an unknown value
R14=0x0000000000000000 is an unknown value
R15=0x0000000069d88940 is an unknown value


Stack: [0x0000000002390000,0x0000000002490000],  sp=0x000000000248e9a0,  free space=1018k
Native frames: (J=compiled Java code, j=interpreted, Vv=VM code, C=native code)
C  [atio6axx.dll+0x2a8030]

Java frames: (J=compiled Java code, j=interpreted, Vv=VM code)
j  org.lwjgl.opengl.GL11.nglDrawElementsBO(IIIJJ)V+0
j  org.lwjgl.opengl.GL11.glDrawElements(IIIJ)V+28
j  com.cig.lib.GModel.render(Lcom/cig/lib/Camera;)V+74
j  com.cig.lib.CigApplication.loop()V+50
j  com.cig.lib.CigApplication.start()V+20
j  com.cig.lib.CigApplication.main([Ljava/lang/String;)V+7
v  ~StubRoutines::call_stub

---------------  P R O C E S S  ---------------

Java Threads: ( => current thread )
  0x000000000820b000 JavaThread "Service Thread" daemon [_thread_blocked, id=5168, stack(0x0000000009c40000,0x0000000009d40000)]
  0x0000000008209000 JavaThread "C2 CompilerThread1" daemon [_thread_blocked, id=6036, stack(0x0000000009780000,0x0000000009880000)]
  0x00000000081f6000 JavaThread "C2 CompilerThread0" daemon [_thread_blocked, id=164, stack(0x0000000009b20000,0x0000000009c20000)]
  0x00000000081f5000 JavaThread "Attach Listener" daemon [_thread_blocked, id=208, stack(0x0000000009910000,0x0000000009a10000)]
  0x00000000081ed800 JavaThread "Signal Dispatcher" daemon [_thread_blocked, id=5988, stack(0x0000000009680000,0x0000000009780000)]
  0x00000000081a3800 JavaThread "Finalizer" daemon [_thread_blocked, id=5788, stack(0x0000000009230000,0x0000000009330000)]
  0x000000000819a800 JavaThread "Reference Handler" daemon [_thread_blocked, id=5284, stack(0x0000000009520000,0x0000000009620000)]
=>0x00000000021ad800 JavaThread "main" [_thread_in_native, id=1996, stack(0x0000000002390000,0x0000000002490000)]

Other Threads:
  0x0000000008196800 VMThread [stack: 0x00000000093c0000,0x00000000094c0000] [id=5032]
  0x000000000821c000 WatcherThread [stack: 0x0000000009a20000,0x0000000009b20000] [id=5212]

VM state:not at safepoint (normal execution)

VM Mutex/Monitor currently owned by a thread: None

Heap
 PSYoungGen      total 17920K, used 5895K [0x00000000ec200000, 0x00000000ed600000, 0x0000000100000000)
  eden space 15360K, 38% used [0x00000000ec200000,0x00000000ec7c1fe0,0x00000000ed100000)
  from space 2560K, 0% used [0x00000000ed380000,0x00000000ed380000,0x00000000ed600000)
  to   space 2560K, 0% used [0x00000000ed100000,0x00000000ed100000,0x00000000ed380000)
 ParOldGen       total 40448K, used 0K [0x00000000c4600000, 0x00000000c6d80000, 0x00000000ec200000)
  object space 40448K, 0% used [0x00000000c4600000,0x00000000c4600000,0x00000000c6d80000)
 PSPermGen       total 21504K, used 6013K [0x00000000bf400000, 0x00000000c0900000, 0x00000000c4600000)
  object space 21504K, 27% used [0x00000000bf400000,0x00000000bf9df618,0x00000000c0900000)

Card table byte_map: [0x0000000005490000,0x00000000056a0000] byte_map_base: 0x0000000004e96000

Polling page: 0x0000000000420000

Code Cache  [0x0000000002490000, 0x0000000002700000, 0x0000000005490000)
 total_blobs=346 nmethods=25 adapters=275 free_code_cache=48664Kb largest_free_block=49825344

Compilation events (10 events):
Event: 0.435 Thread 0x00000000081f6000   20             sun.nio.cs.UTF_8$Encoder::encode (361 bytes)
Event: 0.443 Thread 0x00000000081f6000 nmethod 20 0x0000000002502b50 code [0x0000000002502cc0, 0x00000000025033b8]
Event: 0.469 Thread 0x0000000008209000   21             sun.net.www.ParseUtil::encodePath (336 bytes)
Event: 0.486 Thread 0x00000000081f6000   22             java.util.Arrays::fill (28 bytes)
Event: 0.487 Thread 0x00000000081f6000 nmethod 22 0x00000000025045d0 code [0x0000000002504720, 0x0000000002504838]
Event: 0.489 Thread 0x0000000008209000 nmethod 21 0x0000000002509ed0 code [0x000000000250a100, 0x000000000250af98]
Event: 0.497 Thread 0x00000000081f6000   23 %           org.jdom2.Verifier::buildBitFlags @ 30 (56 bytes)
Event: 0.500 Thread 0x00000000081f6000 nmethod 23% 0x0000000002508550 code [0x00000000025086a0, 0x0000000002508898]
Event: 0.515 Thread 0x0000000008209000   25             java.lang.String::equals (81 bytes)
Event: 0.518 Thread 0x0000000008209000 nmethod 25 0x0000000002508090 code [0x00000000025081e0, 0x0000000002508418]

GC Heap History (0 events):
No events

Deoptimization events (1 events):
Event: 0.488 Thread 0x00000000021ad800 Uncommon trap: reason=null_check action=make_not_entrant pc=0x0000000002503fcc method=java.lang.String.equals(Ljava/lang/Object;)Z @ 8

Internal exceptions (10 events):
Event: 0.517 Thread 0x00000000021ad800 Threw 0x00000000ec72a3e0 at C:\re\jdk7u51\527\hotspot\src\share\vm\prims\jvm.cpp:1244
Event: 0.518 Thread 0x00000000021ad800 Threw 0x00000000ec730238 at C:\re\jdk7u51\527\hotspot\src\share\vm\prims\jvm.cpp:1244
Event: 0.519 Thread 0x00000000021ad800 Threw 0x00000000ec7321e0 at C:\re\jdk7u51\527\hotspot\src\share\vm\prims\jvm.cpp:1244
Event: 0.521 Thread 0x00000000021ad800 Threw 0x00000000ec73dba0 at C:\re\jdk7u51\527\hotspot\src\share\vm\prims\jvm.cpp:1244
Event: 0.522 Thread 0x00000000021ad800 Threw 0x00000000ec753cf0 at C:\re\jdk7u51\527\hotspot\src\share\vm\prims\jvm.cpp:1244
Event: 0.613 Thread 0x00000000021ad800 Threw 0x00000000ec76ae78 at C:\re\jdk7u51\527\hotspot\src\share\vm\prims\jvm.cpp:1244
Event: 0.614 Thread 0x00000000021ad800 Threw 0x00000000ec778290 at C:\re\jdk7u51\527\hotspot\src\share\vm\prims\jvm.cpp:1244
Event: 0.614 Thread 0x00000000021ad800 Threw 0x00000000ec77ad78 at C:\re\jdk7u51\527\hotspot\src\share\vm\prims\jvm.cpp:1244
Event: 0.615 Thread 0x00000000021ad800 Threw 0x00000000ec780c18 at C:\re\jdk7u51\527\hotspot\src\share\vm\prims\jvm.cpp:1244
Event: 0.616 Thread 0x00000000021ad800 Threw 0x00000000ec7848e8 at C:\re\jdk7u51\527\hotspot\src\share\vm\prims\jvm.cpp:1244

Events (10 events):
Event: 0.613 loading class 0x000000000a021f80
Event: 0.613 loading class 0x000000000a021f80 done
Event: 0.614 loading class 0x000000000da73030
Event: 0.614 loading class 0x000000000da73030 done
Event: 0.614 loading class 0x000000000da76db0
Event: 0.614 loading class 0x000000000da76db0 done
Event: 0.615 loading class 0x000000000da771a0
Event: 0.615 loading class 0x000000000da771a0 done
Event: 0.616 loading class 0x0000000009e534b0
Event: 0.616 loading class 0x0000000009e534b0 done


Dynamic libraries:
0x000000013f8d0000 - 0x000000013f903000 	C:\Program Files\Java\jdk1.7.0_51\bin\javaw.exe
0x0000000076ef0000 - 0x0000000077099000 	C:\Windows\SYSTEM32\ntdll.dll
0x0000000076cd0000 - 0x0000000076def000 	C:\Windows\system32\kernel32.dll
0x000007fefcfa0000 - 0x000007fefd00c000 	C:\Windows\system32\KERNELBASE.dll
0x000007fefec30000 - 0x000007fefed0b000 	C:\Windows\system32\ADVAPI32.dll
0x000007fefe4a0000 - 0x000007fefe53f000 	C:\Windows\system32\msvcrt.dll
0x000007fefe400000 - 0x000007fefe41f000 	C:\Windows\SYSTEM32\sechost.dll
0x000007fefed10000 - 0x000007fefee3d000 	C:\Windows\system32\RPCRT4.dll
0x0000000076df0000 - 0x0000000076eea000 	C:\Windows\system32\USER32.dll
0x000007fefe290000 - 0x000007fefe2f7000 	C:\Windows\system32\GDI32.dll
0x000007fefe8a0000 - 0x000007fefe8ae000 	C:\Windows\system32\LPK.dll
0x000007fefe300000 - 0x000007fefe3c9000 	C:\Windows\system32\USP10.dll
0x000007fefb630000 - 0x000007fefb824000 	C:\Windows\WinSxS\amd64_microsoft.windows.common-controls_6595b64144ccf1df_6.0.7601.17514_none_fa396087175ac9ac\COMCTL32.dll
0x000007fefe420000 - 0x000007fefe491000 	C:\Windows\system32\SHLWAPI.dll
0x000007fefe3d0000 - 0x000007fefe3fe000 	C:\Windows\system32\IMM32.DLL
0x000007fefe790000 - 0x000007fefe899000 	C:\Windows\system32\MSCTF.dll
0x000000006afd0000 - 0x000000006b0a2000 	C:\Program Files\Java\jdk1.7.0_51\jre\bin\msvcr100.dll
0x000000005f640000 - 0x000000005fe09000 	C:\Program Files\Java\jdk1.7.0_51\jre\bin\server\jvm.dll
0x000007fef22e0000 - 0x000007fef22e9000 	C:\Windows\system32\WSOCK32.dll
0x000007fefe740000 - 0x000007fefe78d000 	C:\Windows\system32\WS2_32.dll
0x000007fefdf50000 - 0x000007fefdf58000 	C:\Windows\system32\NSI.dll
0x000007fefab30000 - 0x000007fefab6b000 	C:\Windows\system32\WINMM.dll
0x00000000770b0000 - 0x00000000770b7000 	C:\Windows\system32\PSAPI.DLL
0x00000000735f0000 - 0x00000000735ff000 	C:\Program Files\Java\jdk1.7.0_51\jre\bin\verify.dll
0x00000000716c0000 - 0x00000000716e8000 	C:\Program Files\Java\jdk1.7.0_51\jre\bin\java.dll
0x00000000735d0000 - 0x00000000735e5000 	C:\Program Files\Java\jdk1.7.0_51\jre\bin\zip.dll
0x0000000180000000 - 0x0000000180051000 	C:\Users\Work\Documents\Development\lib_cig\lib_cig\nat\windows\lwjgl64.dll
0x000007feed610000 - 0x000007feed72d000 	C:\Windows\system32\OPENGL32.dll
0x000007feefe80000 - 0x000007feefead000 	C:\Windows\system32\GLU32.dll
0x000007feed1c0000 - 0x000007feed2b1000 	C:\Windows\system32\DDRAW.dll
0x000007fef5400000 - 0x000007fef5408000 	C:\Windows\system32\DCIMAN32.dll
0x000007fefe540000 - 0x000007fefe717000 	C:\Windows\system32\SETUPAPI.dll
0x000007fefcf60000 - 0x000007fefcf96000 	C:\Windows\system32\CFGMGR32.dll
0x000007fefee40000 - 0x000007fefef17000 	C:\Windows\system32\OLEAUT32.dll
0x000007fefe8b0000 - 0x000007fefeab3000 	C:\Windows\system32\ole32.dll
0x000007fefcdc0000 - 0x000007fefcdda000 	C:\Windows\system32\DEVOBJ.dll
0x000007fefaef0000 - 0x000007fefaf08000 	C:\Windows\system32\dwmapi.dll
0x000007fefbdd0000 - 0x000007fefbddc000 	C:\Windows\system32\VERSION.dll
0x000007fefb450000 - 0x000007fefb4a6000 	C:\Windows\system32\uxtheme.dll
0x000007fef2620000 - 0x000007fef2638000 	C:\Windows\system32\atig6pxx.dll
0x0000000068570000 - 0x0000000069f11000 	C:\Windows\system32\atio6axx.dll
0x000007fef9b30000 - 0x000007fef9c58000 	C:\Windows\system32\atiadlxx.dll
0x000007fefd1c0000 - 0x000007fefdf48000 	C:\Windows\system32\SHELL32.dll
0x000007fefb4b0000 - 0x000007fefb5dc000 	C:\Windows\system32\PROPSYS.dll
0x000007fefd090000 - 0x000007fefd0ae000 	C:\Windows\system32\USERENV.dll
0x000007fefcd00000 - 0x000007fefcd0f000 	C:\Windows\system32\profapi.dll
0x000007fefbde0000 - 0x000007fefbdf1000 	C:\Windows\system32\WTSAPI32.dll
0x000007fefa750000 - 0x000007fefa777000 	C:\Windows\system32\IPHLPAPI.DLL
0x000007fefa730000 - 0x000007fefa73b000 	C:\Windows\system32\WINNSI.DLL
0x000007fefd050000 - 0x000007fefd08a000 	C:\Windows\system32\WINTRUST.dll
0x000007fefcdf0000 - 0x000007fefcf5c000 	C:\Windows\system32\CRYPT32.dll
0x000007fefcd10000 - 0x000007fefcd1f000 	C:\Windows\system32\MSASN1.dll
0x000007fef2060000 - 0x000007fef21a4000 	C:\Windows\system32\aticfx64.dll
0x000007feefc10000 - 0x000007feefc2e000 	C:\Windows\system32\atig6txx.dll
0x000007fefcba0000 - 0x000007fefcbaf000 	C:\Windows\system32\CRYPTBASE.dll
0x000007fefd120000 - 0x000007fefd1b9000 	C:\Windows\system32\CLBCatQ.DLL
0x000007feed3b0000 - 0x000007feed44c000 	C:\Windows\system32\mscms.dll
0x000007feedc40000 - 0x000007feedc82000 	C:\Windows\system32\icm32.dll
0x000007feef9e0000 - 0x000007feefb05000 	C:\Windows\system32\dbghelp.dll

VM Arguments:
jvm_args: -Djava.library.path=C:\Users\Work\Documents\Development\lib_cig\lib_cig\nat\windows -Dfile.encoding=Cp1252 
java_command: com.cig.lib.CigApplication
Launcher Type: SUN_STANDARD

Environment Variables:
JAVA_HOME=C:\Program Files\Java\jdk1.7.0_51
PATH=C:/Program Files/Java/jdk1.7.0_51/bin/../jre/bin/server;C:/Program Files/Java/jdk1.7.0_51/bin/../jre/bin;C:/Program Files/Java/jdk1.7.0_51/bin/../jre/lib/amd64;C:\Users\Chris\gcc\bin;C:\Program Files\Java\jdk1.7.0_51\bin;C:\Windows\System32;C:\Users\Work\Desktop\FT\objs;C:\Users\Work\Documents\Development\eclipse;
USERNAME=Work
OS=Windows_NT
PROCESSOR_IDENTIFIER=AMD64 Family 21 Model 16 Stepping 1, AuthenticAMD



---------------  S Y S T E M  ---------------

OS: Windows 7 , 64 bit Build 7601 Service Pack 1

CPU:total 4 (4 cores per cpu, 1 threads per core) family 21 model 16 stepping 1, cmov, cx8, fxsr, mmx, sse, sse2, sse3, ssse3, sse4.1, sse4.2, popcnt, avx, aes, mmxext, 3dnowpref, lzcnt, sse4a, tsc, tscinvbit, tscinv

Memory: 4k page, physical 3905820k(1326512k free), swap 7809776k(3597132k free)

vm_info: Java HotSpot(TM) 64-Bit Server VM (24.51-b03) for windows-amd64 JRE (1.7.0_51-b13), built on Dec 18 2013 18:40:56 by "java_re" with unknown MS VC++:1600

time: Sat Sep 20 23:58:17 2014
elapsed time: 0 seconds

